::1 - - [12/Oct/2018:01:37:33 +0000] "GET / HTTP/1.1" 200 8027 "-" "Mozilla/5.0 (Windows NT 10.0; Win64; x64) AppleWebKit/537.36 (KHTML, like Gecko) Chrome/69.0.3497.100 Safari/537.36"
::1 - - [12/Oct/2018:01:42:21 +0000] "GET / HTTP/1.1" 304 - "-" "Mozilla/5.0 (Windows NT 10.0; Win64; x64) AppleWebKit/537.36 (KHTML, like Gecko) Chrome/69.0.3497.100 Safari/537.36"
::1 - - [12/Oct/2018:01:42:23 +0000] "GET /fibo.html HTTP/1.1" 404 148 "http://localhost:8081/" "Mozilla/5.0 (Windows NT 10.0; Win64; x64) AppleWebKit/537.36 (KHTML, like Gecko) Chrome/69.0.3497.100 Safari/537.36"
::1 - - [12/Oct/2018:01:43:24 +0000] "GET / HTTP/1.1" 200 8023 "-" "Mozilla/5.0 (Windows NT 10.0; Win64; x64) AppleWebKit/537.36 (KHTML, like Gecko) Chrome/69.0.3497.100 Safari/537.36"
::1 - - [12/Oct/2018:01:43:26 +0000] "GET /fibo HTTP/1.1" 404 143 "http://localhost:8081/" "Mozilla/5.0 (Windows NT 10.0; Win64; x64) AppleWebKit/537.36 (KHTML, like Gecko) Chrome/69.0.3497.100 Safari/537.36"
::1 - - [12/Oct/2018:01:46:16 +0000] "GET / HTTP/1.1" 200 8035 "-" "Mozilla/5.0 (Windows NT 10.0; Win64; x64) AppleWebKit/537.36 (KHTML, like Gecko) Chrome/69.0.3497.100 Safari/537.36"
::1 - - [12/Oct/2018:01:46:17 +0000] "GET /fibo HTTP/1.1" 404 143 "http://localhost:8081/" "Mozilla/5.0 (Windows NT 10.0; Win64; x64) AppleWebKit/537.36 (KHTML, like Gecko) Chrome/69.0.3497.100 Safari/537.36"
::1 - - [12/Oct/2018:01:46:58 +0000] "GET /fibo HTTP/1.1" 404 143 "-" "Mozilla/5.0 (Windows NT 10.0; Win64; x64) AppleWebKit/537.36 (KHTML, like Gecko) Chrome/69.0.3497.100 Safari/537.36"
::1 - - [12/Oct/2018:01:47:04 +0000] "GET / HTTP/1.1" 304 - "-" "Mozilla/5.0 (Windows NT 10.0; Win64; x64) AppleWebKit/537.36 (KHTML, like Gecko) Chrome/69.0.3497.100 Safari/537.36"
::1 - - [12/Oct/2018:01:47:07 +0000] "GET /fibo HTTP/1.1" 404 143 "http://localhost:8081/" "Mozilla/5.0 (Windows NT 10.0; Win64; x64) AppleWebKit/537.36 (KHTML, like Gecko) Chrome/69.0.3497.100 Safari/537.36"
::1 - - [12/Oct/2018:01:47:11 +0000] "GET /bmi.html HTTP/1.1" 404 147 "http://localhost:8081/" "Mozilla/5.0 (Windows NT 10.0; Win64; x64) AppleWebKit/537.36 (KHTML, like Gecko) Chrome/69.0.3497.100 Safari/537.36"
::1 - - [12/Oct/2018:01:49:33 +0000] "GET / HTTP/1.1" 200 8023 "-" "Mozilla/5.0 (Windows NT 10.0; Win64; x64) AppleWebKit/537.36 (KHTML, like Gecko) Chrome/69.0.3497.100 Safari/537.36"
::1 - - [12/Oct/2018:01:49:36 +0000] "GET /fibo HTTP/1.1" 404 143 "http://localhost:8081/" "Mozilla/5.0 (Windows NT 10.0; Win64; x64) AppleWebKit/537.36 (KHTML, like Gecko) Chrome/69.0.3497.100 Safari/537.36"
::1 - - [12/Oct/2018:01:50:03 +0000] "GET / HTTP/1.1" 304 - "-" "Mozilla/5.0 (Windows NT 10.0; Win64; x64) AppleWebKit/537.36 (KHTML, like Gecko) Chrome/69.0.3497.100 Safari/537.36"
::1 - - [12/Oct/2018:01:50:04 +0000] "GET /favicon.ico HTTP/1.1" 404 150 "http://localhost:8081/" "Mozilla/5.0 (Windows NT 10.0; Win64; x64) AppleWebKit/537.36 (KHTML, like Gecko) Chrome/69.0.3497.100 Safari/537.36"
::1 - - [12/Oct/2018:01:50:05 +0000] "GET /index HTTP/1.1" 404 144 "http://localhost:8081/" "Mozilla/5.0 (Windows NT 10.0; Win64; x64) AppleWebKit/537.36 (KHTML, like Gecko) Chrome/69.0.3497.100 Safari/537.36"
::1 - - [12/Oct/2018:01:50:10 +0000] "GET /index HTTP/1.1" 404 144 "http://localhost:8081/" "Mozilla/5.0 (Windows NT 10.0; Win64; x64) AppleWebKit/537.36 (KHTML, like Gecko) Chrome/69.0.3497.100 Safari/537.36"
::1 - - [12/Oct/2018:01:51:04 +0000] "GET / HTTP/1.1" 304 - "-" "Mozilla/5.0 (Windows NT 10.0; Win64; x64) AppleWebKit/537.36 (KHTML, like Gecko) Chrome/69.0.3497.100 Safari/537.36"
::1 - - [12/Oct/2018:01:51:05 +0000] "GET /fibo HTTP/1.1" 404 143 "http://localhost:8081/" "Mozilla/5.0 (Windows NT 10.0; Win64; x64) AppleWebKit/537.36 (KHTML, like Gecko) Chrome/69.0.3497.100 Safari/537.36"
::1 - - [12/Oct/2018:01:51:10 +0000] "GET /index HTTP/1.1" 404 144 "http://localhost:8081/" "Mozilla/5.0 (Windows NT 10.0; Win64; x64) AppleWebKit/537.36 (KHTML, like Gecko) Chrome/69.0.3497.100 Safari/537.36"
::1 - - [12/Oct/2018:01:53:40 +0000] "GET / HTTP/1.1" 304 - "-" "Mozilla/5.0 (Windows NT 10.0; Win64; x64) AppleWebKit/537.36 (KHTML, like Gecko) Chrome/69.0.3497.100 Safari/537.36"
::1 - - [12/Oct/2018:01:53:41 +0000] "GET /fibo HTTP/1.1" 404 143 "http://localhost:8081/" "Mozilla/5.0 (Windows NT 10.0; Win64; x64) AppleWebKit/537.36 (KHTML, like Gecko) Chrome/69.0.3497.100 Safari/537.36"
::1 - - [12/Oct/2018:01:53:48 +0000] "GET /contact HTTP/1.1" 200 6345 "http://localhost:8081/" "Mozilla/5.0 (Windows NT 10.0; Win64; x64) AppleWebKit/537.36 (KHTML, like Gecko) Chrome/69.0.3497.100 Safari/537.36"
::1 - - [12/Oct/2018:01:53:52 +0000] "GET /fibo HTTP/1.1" 404 143 "http://localhost:8081/contact" "Mozilla/5.0 (Windows NT 10.0; Win64; x64) AppleWebKit/537.36 (KHTML, like Gecko) Chrome/69.0.3497.100 Safari/537.36"
::1 - - [12/Oct/2018:01:55:10 +0000] "GET /fibo HTTP/1.1" 404 143 "http://localhost:8081/contact" "Mozilla/5.0 (Windows NT 10.0; Win64; x64) AppleWebKit/537.36 (KHTML, like Gecko) Chrome/69.0.3497.100 Safari/537.36"
::1 - - [12/Oct/2018:01:55:15 +0000] "GET /fibo HTTP/1.1" 404 143 "http://localhost:8081/contact" "Mozilla/5.0 (Windows NT 10.0; Win64; x64) AppleWebKit/537.36 (KHTML, like Gecko) Chrome/69.0.3497.100 Safari/537.36"
::1 - - [12/Oct/2018:01:57:06 +0000] "GET /fibo HTTP/1.1" 404 143 "http://localhost:8081/contact" "Mozilla/5.0 (Windows NT 10.0; Win64; x64) AppleWebKit/537.36 (KHTML, like Gecko) Chrome/69.0.3497.100 Safari/537.36"
::1 - - [12/Oct/2018:01:57:07 +0000] "GET /fibo HTTP/1.1" 404 143 "http://localhost:8081/contact" "Mozilla/5.0 (Windows NT 10.0; Win64; x64) AppleWebKit/537.36 (KHTML, like Gecko) Chrome/69.0.3497.100 Safari/537.36"
::1 - - [12/Oct/2018:01:57:07 +0000] "GET /fibo HTTP/1.1" 404 143 "http://localhost:8081/contact" "Mozilla/5.0 (Windows NT 10.0; Win64; x64) AppleWebKit/537.36 (KHTML, like Gecko) Chrome/69.0.3497.100 Safari/537.36"
::1 - - [12/Oct/2018:01:57:09 +0000] "GET /fibo HTTP/1.1" 404 143 "http://localhost:8081/contact" "Mozilla/5.0 (Windows NT 10.0; Win64; x64) AppleWebKit/537.36 (KHTML, like Gecko) Chrome/69.0.3497.100 Safari/537.36"
::1 - - [12/Oct/2018:01:57:17 +0000] "GET /contact HTTP/1.1" 200 6277 "http://localhost:8081/contact" "Mozilla/5.0 (Windows NT 10.0; Win64; x64) AppleWebKit/537.36 (KHTML, like Gecko) Chrome/69.0.3497.100 Safari/537.36"
::1 - - [12/Oct/2018:01:57:18 +0000] "GET /contact HTTP/1.1" 304 - "http://localhost:8081/contact" "Mozilla/5.0 (Windows NT 10.0; Win64; x64) AppleWebKit/537.36 (KHTML, like Gecko) Chrome/69.0.3497.100 Safari/537.36"
::1 - - [12/Oct/2018:01:57:20 +0000] "GET /index HTTP/1.1" 404 144 "http://localhost:8081/contact" "Mozilla/5.0 (Windows NT 10.0; Win64; x64) AppleWebKit/537.36 (KHTML, like Gecko) Chrome/69.0.3497.100 Safari/537.36"
::1 - - [12/Oct/2018:01:57:24 +0000] "GET /contact HTTP/1.1" 304 - "http://localhost:8081/contact" "Mozilla/5.0 (Windows NT 10.0; Win64; x64) AppleWebKit/537.36 (KHTML, like Gecko) Chrome/69.0.3497.100 Safari/537.36"
::1 - - [12/Oct/2018:01:57:26 +0000] "GET /fibo HTTP/1.1" 404 143 "http://localhost:8081/contact" "Mozilla/5.0 (Windows NT 10.0; Win64; x64) AppleWebKit/537.36 (KHTML, like Gecko) Chrome/69.0.3497.100 Safari/537.36"
::1 - - [12/Oct/2018:01:57:27 +0000] "GET /fibo HTTP/1.1" 404 143 "http://localhost:8081/contact" "Mozilla/5.0 (Windows NT 10.0; Win64; x64) AppleWebKit/537.36 (KHTML, like Gecko) Chrome/69.0.3497.100 Safari/537.36"
::1 - - [12/Oct/2018:01:57:28 +0000] "GET /fibo HTTP/1.1" 404 143 "http://localhost:8081/contact" "Mozilla/5.0 (Windows NT 10.0; Win64; x64) AppleWebKit/537.36 (KHTML, like Gecko) Chrome/69.0.3497.100 Safari/537.36"
::1 - - [12/Oct/2018:01:57:28 +0000] "GET /fibo HTTP/1.1" 404 143 "http://localhost:8081/contact" "Mozilla/5.0 (Windows NT 10.0; Win64; x64) AppleWebKit/537.36 (KHTML, like Gecko) Chrome/69.0.3497.100 Safari/537.36"
::1 - - [12/Oct/2018:01:57:28 +0000] "GET /fibo HTTP/1.1" 404 143 "http://localhost:8081/contact" "Mozilla/5.0 (Windows NT 10.0; Win64; x64) AppleWebKit/537.36 (KHTML, like Gecko) Chrome/69.0.3497.100 Safari/537.36"
::1 - - [12/Oct/2018:01:57:28 +0000] "GET /fibo HTTP/1.1" 404 143 "http://localhost:8081/contact" "Mozilla/5.0 (Windows NT 10.0; Win64; x64) AppleWebKit/537.36 (KHTML, like Gecko) Chrome/69.0.3497.100 Safari/537.36"
::1 - - [12/Oct/2018:01:57:32 +0000] "GET / HTTP/1.1" 200 7989 "-" "Mozilla/5.0 (Windows NT 10.0; Win64; x64) AppleWebKit/537.36 (KHTML, like Gecko) Chrome/69.0.3497.100 Safari/537.36"
::1 - - [12/Oct/2018:01:57:35 +0000] "GET /contact HTTP/1.1" 304 - "http://localhost:8081/" "Mozilla/5.0 (Windows NT 10.0; Win64; x64) AppleWebKit/537.36 (KHTML, like Gecko) Chrome/69.0.3497.100 Safari/537.36"
::1 - - [12/Oct/2018:01:57:36 +0000] "GET /fibo HTTP/1.1" 404 143 "http://localhost:8081/contact" "Mozilla/5.0 (Windows NT 10.0; Win64; x64) AppleWebKit/537.36 (KHTML, like Gecko) Chrome/69.0.3497.100 Safari/537.36"
::1 - - [12/Oct/2018:01:57:38 +0000] "GET /index HTTP/1.1" 404 144 "http://localhost:8081/contact" "Mozilla/5.0 (Windows NT 10.0; Win64; x64) AppleWebKit/537.36 (KHTML, like Gecko) Chrome/69.0.3497.100 Safari/537.36"
::1 - - [12/Oct/2018:02:02:29 +0000] "GET /contact HTTP/1.1" 200 6207 "-" "Mozilla/5.0 (Windows NT 10.0; Win64; x64) AppleWebKit/537.36 (KHTML, like Gecko) Chrome/69.0.3497.100 Safari/537.36"
::1 - - [12/Oct/2018:02:02:31 +0000] "GET /index HTTP/1.1" 404 144 "http://localhost:8081/contact" "Mozilla/5.0 (Windows NT 10.0; Win64; x64) AppleWebKit/537.36 (KHTML, like Gecko) Chrome/69.0.3497.100 Safari/537.36"
::1 - - [12/Oct/2018:02:02:33 +0000] "GET /index HTTP/1.1" 404 144 "-" "Mozilla/5.0 (Windows NT 10.0; Win64; x64) AppleWebKit/537.36 (KHTML, like Gecko) Chrome/69.0.3497.100 Safari/537.36"
::1 - - [12/Oct/2018:02:02:36 +0000] "GET /fibo HTTP/1.1" 404 143 "http://localhost:8081/contact" "Mozilla/5.0 (Windows NT 10.0; Win64; x64) AppleWebKit/537.36 (KHTML, like Gecko) Chrome/69.0.3497.100 Safari/537.36"
::1 - - [12/Oct/2018:02:02:38 +0000] "GET /fibo HTTP/1.1" 404 143 "-" "Mozilla/5.0 (Windows NT 10.0; Win64; x64) AppleWebKit/537.36 (KHTML, like Gecko) Chrome/69.0.3497.100 Safari/537.36"
::1 - - [12/Oct/2018:02:02:41 +0000] "GET /contact HTTP/1.1" 304 - "http://localhost:8081/contact" "Mozilla/5.0 (Windows NT 10.0; Win64; x64) AppleWebKit/537.36 (KHTML, like Gecko) Chrome/69.0.3497.100 Safari/537.36"
::1 - - [12/Oct/2018:02:03:50 +0000] "GET /contact HTTP/1.1" 304 - "-" "Mozilla/5.0 (Windows NT 10.0; Win64; x64) AppleWebKit/537.36 (KHTML, like Gecko) Chrome/69.0.3497.100 Safari/537.36"
::1 - - [12/Oct/2018:02:03:52 +0000] "GET /fibo HTTP/1.1" 404 143 "http://localhost:8081/contact" "Mozilla/5.0 (Windows NT 10.0; Win64; x64) AppleWebKit/537.36 (KHTML, like Gecko) Chrome/69.0.3497.100 Safari/537.36"
::1 - - [12/Oct/2018:02:03:54 +0000] "GET /fibo HTTP/1.1" 404 143 "-" "Mozilla/5.0 (Windows NT 10.0; Win64; x64) AppleWebKit/537.36 (KHTML, like Gecko) Chrome/69.0.3497.100 Safari/537.36"
::1 - - [12/Oct/2018:02:03:57 +0000] "GET /contact HTTP/1.1" 304 - "-" "Mozilla/5.0 (Windows NT 10.0; Win64; x64) AppleWebKit/537.36 (KHTML, like Gecko) Chrome/69.0.3497.100 Safari/537.36"
::1 - - [12/Oct/2018:02:03:58 +0000] "GET /contact HTTP/1.1" 304 - "http://localhost:8081/contact" "Mozilla/5.0 (Windows NT 10.0; Win64; x64) AppleWebKit/537.36 (KHTML, like Gecko) Chrome/69.0.3497.100 Safari/537.36"
::1 - - [12/Oct/2018:02:03:59 +0000] "GET /fibo HTTP/1.1" 404 143 "http://localhost:8081/contact" "Mozilla/5.0 (Windows NT 10.0; Win64; x64) AppleWebKit/537.36 (KHTML, like Gecko) Chrome/69.0.3497.100 Safari/537.36"
::1 - - [12/Oct/2018:02:04:02 +0000] "GET /bmi HTTP/1.1" 404 142 "http://localhost:8081/contact" "Mozilla/5.0 (Windows NT 10.0; Win64; x64) AppleWebKit/537.36 (KHTML, like Gecko) Chrome/69.0.3497.100 Safari/537.36"
::1 - - [12/Oct/2018:02:09:11 +0000] "GET / HTTP/1.1" 200 7953 "-" "Mozilla/5.0 (Windows NT 10.0; Win64; x64) AppleWebKit/537.36 (KHTML, like Gecko) Chrome/69.0.3497.100 Safari/537.36"
::1 - - [12/Oct/2018:02:09:17 +0000] "GET /fibo HTTP/1.1" 200 3311 "http://localhost:8081/" "Mozilla/5.0 (Windows NT 10.0; Win64; x64) AppleWebKit/537.36 (KHTML, like Gecko) Chrome/69.0.3497.100 Safari/537.36"
::1 - - [12/Oct/2018:02:09:46 +0000] "GET /contact HTTP/1.1" 304 - "http://localhost:8081/fibo" "Mozilla/5.0 (Windows NT 10.0; Win64; x64) AppleWebKit/537.36 (KHTML, like Gecko) Chrome/69.0.3497.100 Safari/537.36"
::1 - - [12/Oct/2018:02:09:52 +0000] "GET /index HTTP/1.1" 200 7953 "http://localhost:8081/contact" "Mozilla/5.0 (Windows NT 10.0; Win64; x64) AppleWebKit/537.36 (KHTML, like Gecko) Chrome/69.0.3497.100 Safari/537.36"
::1 - - [28/Oct/2018:19:14:33 +0000] "GET / HTTP/1.1" 200 7953 "-" "Mozilla/5.0 (Windows NT 10.0; Win64; x64) AppleWebKit/537.36 (KHTML, like Gecko) Chrome/69.0.3497.100 Safari/537.36"
::1 - - [28/Oct/2018:19:14:35 +0000] "GET /favicon.ico HTTP/1.1" 404 150 "http://localhost:8081/" "Mozilla/5.0 (Windows NT 10.0; Win64; x64) AppleWebKit/537.36 (KHTML, like Gecko) Chrome/69.0.3497.100 Safari/537.36"
::1 - - [28/Oct/2018:19:14:37 +0000] "GET /contact HTTP/1.1" 200 6221 "http://localhost:8081/" "Mozilla/5.0 (Windows NT 10.0; Win64; x64) AppleWebKit/537.36 (KHTML, like Gecko) Chrome/69.0.3497.100 Safari/537.36"
::1 - - [28/Oct/2018:19:14:44 +0000] "POST /response.html HTTP/1.1" 404 153 "http://localhost:8081/contact" "Mozilla/5.0 (Windows NT 10.0; Win64; x64) AppleWebKit/537.36 (KHTML, like Gecko) Chrome/69.0.3497.100 Safari/537.36"
::1 - - [28/Oct/2018:19:15:14 +0000] "GET / HTTP/1.1" 304 - "-" "Mozilla/5.0 (Windows NT 10.0; Win64; x64) AppleWebKit/537.36 (KHTML, like Gecko) Chrome/69.0.3497.100 Safari/537.36"
::1 - - [28/Oct/2018:19:15:16 +0000] "GET /contact HTTP/1.1" 200 6198 "http://localhost:8081/" "Mozilla/5.0 (Windows NT 10.0; Win64; x64) AppleWebKit/537.36 (KHTML, like Gecko) Chrome/69.0.3497.100 Safari/537.36"
::1 - - [28/Oct/2018:19:15:23 +0000] "POST /contact HTTP/1.1" 404 147 "http://localhost:8081/contact" "Mozilla/5.0 (Windows NT 10.0; Win64; x64) AppleWebKit/537.36 (KHTML, like Gecko) Chrome/69.0.3497.100 Safari/537.36"
::1 - - [28/Oct/2018:19:24:23 +0000] "GET / HTTP/1.1" 304 - "-" "Mozilla/5.0 (Windows NT 10.0; Win64; x64) AppleWebKit/537.36 (KHTML, like Gecko) Chrome/69.0.3497.100 Safari/537.36"
::1 - - [28/Oct/2018:19:24:24 +0000] "GET /contact HTTP/1.1" 200 6241 "http://localhost:8081/" "Mozilla/5.0 (Windows NT 10.0; Win64; x64) AppleWebKit/537.36 (KHTML, like Gecko) Chrome/69.0.3497.100 Safari/537.36"
::1 - - [28/Oct/2018:19:24:44 +0000] "POST /contact HTTP/1.1" 404 147 "http://localhost:8081/contact" "Mozilla/5.0 (Windows NT 10.0; Win64; x64) AppleWebKit/537.36 (KHTML, like Gecko) Chrome/69.0.3497.100 Safari/537.36"
::1 - - [28/Oct/2018:19:24:50 +0000] "POST /contact HTTP/1.1" 404 147 "http://localhost:8081/contact" "Mozilla/5.0 (Windows NT 10.0; Win64; x64) AppleWebKit/537.36 (KHTML, like Gecko) Chrome/69.0.3497.100 Safari/537.36"
::1 - - [28/Oct/2018:19:53:01 +0000] "POST /contact HTTP/1.1" 404 147 "http://localhost:8081/contact" "Mozilla/5.0 (Windows NT 10.0; Win64; x64) AppleWebKit/537.36 (KHTML, like Gecko) Chrome/69.0.3497.100 Safari/537.36"
::1 - - [28/Oct/2018:19:53:05 +0000] "POST /contact HTTP/1.1" 404 147 "http://localhost:8081/contact" "Mozilla/5.0 (Windows NT 10.0; Win64; x64) AppleWebKit/537.36 (KHTML, like Gecko) Chrome/69.0.3497.100 Safari/537.36"
::1 - - [28/Oct/2018:19:53:16 +0000] "POST /contact HTTP/1.1" 404 147 "http://localhost:8081/contact" "Mozilla/5.0 (Windows NT 10.0; Win64; x64) AppleWebKit/537.36 (KHTML, like Gecko) Chrome/69.0.3497.100 Safari/537.36"
::1 - - [28/Oct/2018:19:53:43 +0000] "POST /contact HTTP/1.1" 404 147 "http://localhost:8081/contact" "Mozilla/5.0 (Windows NT 10.0; Win64; x64) AppleWebKit/537.36 (KHTML, like Gecko) Chrome/69.0.3497.100 Safari/537.36"
::1 - - [28/Oct/2018:20:31:06 +0000] "GET / HTTP/1.1" 200 4913 "-" "Mozilla/5.0 (Windows NT 10.0; Win64; x64) AppleWebKit/537.36 (KHTML, like Gecko) Chrome/69.0.3497.100 Safari/537.36"
::1 - - [28/Oct/2018:20:31:08 +0000] "GET /contact HTTP/1.1" 200 4559 "http://localhost:8081/" "Mozilla/5.0 (Windows NT 10.0; Win64; x64) AppleWebKit/537.36 (KHTML, like Gecko) Chrome/69.0.3497.100 Safari/537.36"
::1 - - [28/Oct/2018:20:31:14 +0000] "POST /contact HTTP/1.1" 404 147 "http://localhost:8081/contact" "Mozilla/5.0 (Windows NT 10.0; Win64; x64) AppleWebKit/537.36 (KHTML, like Gecko) Chrome/69.0.3497.100 Safari/537.36"
::1 - - [28/Oct/2018:20:32:33 +0000] "GET / HTTP/1.1" 304 - "-" "Mozilla/5.0 (Windows NT 10.0; Win64; x64) AppleWebKit/537.36 (KHTML, like Gecko) Chrome/69.0.3497.100 Safari/537.36"
::1 - - [28/Oct/2018:20:32:38 +0000] "GET /contact HTTP/1.1" 200 4542 "http://localhost:8081/" "Mozilla/5.0 (Windows NT 10.0; Win64; x64) AppleWebKit/537.36 (KHTML, like Gecko) Chrome/69.0.3497.100 Safari/537.36"
::1 - - [28/Oct/2018:20:32:45 +0000] "POST /contact.js HTTP/1.1" 404 150 "http://localhost:8081/contact" "Mozilla/5.0 (Windows NT 10.0; Win64; x64) AppleWebKit/537.36 (KHTML, like Gecko) Chrome/69.0.3497.100 Safari/537.36"
::1 - - [28/Oct/2018:20:33:20 +0000] "GET / HTTP/1.1" 304 - "-" "Mozilla/5.0 (Windows NT 10.0; Win64; x64) AppleWebKit/537.36 (KHTML, like Gecko) Chrome/69.0.3497.100 Safari/537.36"
::1 - - [28/Oct/2018:20:33:21 +0000] "GET /contact HTTP/1.1" 304 - "http://localhost:8081/" "Mozilla/5.0 (Windows NT 10.0; Win64; x64) AppleWebKit/537.36 (KHTML, like Gecko) Chrome/69.0.3497.100 Safari/537.36"
::1 - - [28/Oct/2018:20:33:27 +0000] "POST /contact.js HTTP/1.1" 404 150 "http://localhost:8081/contact" "Mozilla/5.0 (Windows NT 10.0; Win64; x64) AppleWebKit/537.36 (KHTML, like Gecko) Chrome/69.0.3497.100 Safari/537.36"
::1 - - [28/Oct/2018:20:33:50 +0000] "GET / HTTP/1.1" 304 - "-" "Mozilla/5.0 (Windows NT 10.0; Win64; x64) AppleWebKit/537.36 (KHTML, like Gecko) Chrome/69.0.3497.100 Safari/537.36"
::1 - - [28/Oct/2018:20:33:52 +0000] "GET /contact HTTP/1.1" 200 4539 "http://localhost:8081/" "Mozilla/5.0 (Windows NT 10.0; Win64; x64) AppleWebKit/537.36 (KHTML, like Gecko) Chrome/69.0.3497.100 Safari/537.36"
::1 - - [28/Oct/2018:20:35:52 +0000] "POST /contact HTTP/1.1" 200 13 "http://localhost:8081/contact" "Mozilla/5.0 (Windows NT 10.0; Win64; x64) AppleWebKit/537.36 (KHTML, like Gecko) Chrome/69.0.3497.100 Safari/537.36"
::1 - - [28/Oct/2018:20:35:54 +0000] "GET / HTTP/1.1" 304 - "-" "Mozilla/5.0 (Windows NT 10.0; Win64; x64) AppleWebKit/537.36 (KHTML, like Gecko) Chrome/69.0.3497.100 Safari/537.36"
::ffff:127.0.0.1 - - [28/Oct/2018:20:35:57 +0000] "GET /contact HTTP/1.1" 200 4539 "http://localhost:8081/" "Mozilla/5.0 (Windows NT 10.0; Win64; x64) AppleWebKit/537.36 (KHTML, like Gecko) Chrome/69.0.3497.100 Safari/537.36"
::1 - - [28/Oct/2018:20:36:07 +0000] "POST /contact HTTP/1.1" 200 13 "http://localhost:8081/contact" "Mozilla/5.0 (Windows NT 10.0; Win64; x64) AppleWebKit/537.36 (KHTML, like Gecko) Chrome/69.0.3497.100 Safari/537.36"
::1 - - [28/Oct/2018:20:36:44 +0000] "GET / HTTP/1.1" 304 - "-" "Mozilla/5.0 (Windows NT 10.0; Win64; x64) AppleWebKit/537.36 (KHTML, like Gecko) Chrome/69.0.3497.100 Safari/537.36"
::1 - - [28/Oct/2018:20:36:45 +0000] "GET /contact HTTP/1.1" 200 4539 "http://localhost:8081/" "Mozilla/5.0 (Windows NT 10.0; Win64; x64) AppleWebKit/537.36 (KHTML, like Gecko) Chrome/69.0.3497.100 Safari/537.36"
::1 - - [28/Oct/2018:20:36:54 +0000] "POST /contact HTTP/1.1" 200 9 "http://localhost:8081/contact" "Mozilla/5.0 (Windows NT 10.0; Win64; x64) AppleWebKit/537.36 (KHTML, like Gecko) Chrome/69.0.3497.100 Safari/537.36"
::1 - - [28/Oct/2018:20:38:42 +0000] "GET / HTTP/1.1" 304 - "-" "Mozilla/5.0 (Windows NT 10.0; Win64; x64) AppleWebKit/537.36 (KHTML, like Gecko) Chrome/69.0.3497.100 Safari/537.36"
::1 - - [28/Oct/2018:20:38:48 +0000] "GET /index HTTP/1.1" 200 4913 "http://localhost:8081/" "Mozilla/5.0 (Windows NT 10.0; Win64; x64) AppleWebKit/537.36 (KHTML, like Gecko) Chrome/69.0.3497.100 Safari/537.36"
::1 - - [28/Oct/2018:20:38:49 +0000] "GET /contact HTTP/1.1" 200 4539 "http://localhost:8081/index" "Mozilla/5.0 (Windows NT 10.0; Win64; x64) AppleWebKit/537.36 (KHTML, like Gecko) Chrome/69.0.3497.100 Safari/537.36"
::1 - - [28/Oct/2018:20:39:01 +0000] "POST /contact HTTP/1.1" 200 9 "http://localhost:8081/contact" "Mozilla/5.0 (Windows NT 10.0; Win64; x64) AppleWebKit/537.36 (KHTML, like Gecko) Chrome/69.0.3497.100 Safari/537.36"
::1 - - [28/Oct/2018:20:40:10 +0000] "GET / HTTP/1.1" 304 - "-" "Mozilla/5.0 (Windows NT 10.0; Win64; x64) AppleWebKit/537.36 (KHTML, like Gecko) Chrome/69.0.3497.100 Safari/537.36"
::1 - - [28/Oct/2018:20:40:13 +0000] "GET /contact HTTP/1.1" 200 4539 "http://localhost:8081/" "Mozilla/5.0 (Windows NT 10.0; Win64; x64) AppleWebKit/537.36 (KHTML, like Gecko) Chrome/69.0.3497.100 Safari/537.36"
::1 - - [28/Oct/2018:20:40:22 +0000] "POST /contact HTTP/1.1" 200 9 "http://localhost:8081/contact" "Mozilla/5.0 (Windows NT 10.0; Win64; x64) AppleWebKit/537.36 (KHTML, like Gecko) Chrome/69.0.3497.100 Safari/537.36"
::1 - - [28/Oct/2018:22:24:32 +0000] "GET / HTTP/1.1" 304 - "-" "Mozilla/5.0 (Windows NT 10.0; Win64; x64) AppleWebKit/537.36 (KHTML, like Gecko) Chrome/69.0.3497.100 Safari/537.36"
::1 - - [28/Oct/2018:22:24:37 +0000] "GET /contact HTTP/1.1" 200 4539 "http://localhost:8081/" "Mozilla/5.0 (Windows NT 10.0; Win64; x64) AppleWebKit/537.36 (KHTML, like Gecko) Chrome/69.0.3497.100 Safari/537.36"
::1 - - [28/Oct/2018:22:24:39 +0000] "GET /fibo HTTP/1.1" 200 3311 "http://localhost:8081/contact" "Mozilla/5.0 (Windows NT 10.0; Win64; x64) AppleWebKit/537.36 (KHTML, like Gecko) Chrome/69.0.3497.100 Safari/537.36"
::1 - - [28/Oct/2018:22:36:32 +0000] "GET /fibo HTTP/1.1" 304 - "http://localhost:8081/fibo" "Mozilla/5.0 (Windows NT 10.0; Win64; x64) AppleWebKit/537.36 (KHTML, like Gecko) Chrome/69.0.3497.100 Safari/537.36"
::1 - - [28/Oct/2018:22:36:33 +0000] "GET /bmi HTTP/1.1" 404 142 "http://localhost:8081/fibo" "Mozilla/5.0 (Windows NT 10.0; Win64; x64) AppleWebKit/537.36 (KHTML, like Gecko) Chrome/69.0.3497.100 Safari/537.36"
::1 - - [28/Oct/2018:22:36:37 +0000] "GET /fibo HTTP/1.1" 304 - "http://localhost:8081/fibo" "Mozilla/5.0 (Windows NT 10.0; Win64; x64) AppleWebKit/537.36 (KHTML, like Gecko) Chrome/69.0.3497.100 Safari/537.36"
::1 - - [28/Oct/2018:22:36:41 +0000] "GET /fibo HTTP/1.1" 304 - "http://localhost:8081/fibo" "Mozilla/5.0 (Windows NT 10.0; Win64; x64) AppleWebKit/537.36 (KHTML, like Gecko) Chrome/69.0.3497.100 Safari/537.36"
::1 - - [28/Oct/2018:22:39:33 +0000] "GET /fibo HTTP/1.1" 200 3333 "http://localhost:8081/fibo" "Mozilla/5.0 (Windows NT 10.0; Win64; x64) AppleWebKit/537.36 (KHTML, like Gecko) Chrome/69.0.3497.100 Safari/537.36"
::1 - - [28/Oct/2018:22:39:33 +0000] "GET /fibo HTTP/1.1" 304 - "http://localhost:8081/fibo" "Mozilla/5.0 (Windows NT 10.0; Win64; x64) AppleWebKit/537.36 (KHTML, like Gecko) Chrome/69.0.3497.100 Safari/537.36"
::1 - - [28/Oct/2018:22:39:34 +0000] "GET / HTTP/1.1" 304 - "-" "Mozilla/5.0 (Windows NT 10.0; Win64; x64) AppleWebKit/537.36 (KHTML, like Gecko) Chrome/69.0.3497.100 Safari/537.36"
::1 - - [28/Oct/2018:22:39:36 +0000] "GET /contact HTTP/1.1" 304 - "http://localhost:8081/" "Mozilla/5.0 (Windows NT 10.0; Win64; x64) AppleWebKit/537.36 (KHTML, like Gecko) Chrome/69.0.3497.100 Safari/537.36"
::1 - - [28/Oct/2018:22:39:37 +0000] "GET /fibo HTTP/1.1" 304 - "http://localhost:8081/contact" "Mozilla/5.0 (Windows NT 10.0; Win64; x64) AppleWebKit/537.36 (KHTML, like Gecko) Chrome/69.0.3497.100 Safari/537.36"
::1 - - [28/Oct/2018:22:42:13 +0000] "GET /fibo HTTP/1.1" 200 3369 "http://localhost:8081/contact" "Mozilla/5.0 (Windows NT 10.0; Win64; x64) AppleWebKit/537.36 (KHTML, like Gecko) Chrome/69.0.3497.100 Safari/537.36"
::1 - - [28/Oct/2018:22:42:16 +0000] "GET / HTTP/1.1" 304 - "-" "Mozilla/5.0 (Windows NT 10.0; Win64; x64) AppleWebKit/537.36 (KHTML, like Gecko) Chrome/69.0.3497.100 Safari/537.36"
::1 - - [28/Oct/2018:22:42:18 +0000] "GET /fibo HTTP/1.1" 304 - "http://localhost:8081/" "Mozilla/5.0 (Windows NT 10.0; Win64; x64) AppleWebKit/537.36 (KHTML, like Gecko) Chrome/69.0.3497.100 Safari/537.36"
::1 - - [28/Oct/2018:22:42:40 +0000] "GET /fibo HTTP/1.1" 304 - "http://localhost:8081/" "Mozilla/5.0 (Windows NT 10.0; Win64; x64) AppleWebKit/537.36 (KHTML, like Gecko) Chrome/69.0.3497.100 Safari/537.36"
::1 - - [28/Oct/2018:22:42:41 +0000] "GET /fibo HTTP/1.1" 304 - "http://localhost:8081/" "Mozilla/5.0 (Windows NT 10.0; Win64; x64) AppleWebKit/537.36 (KHTML, like Gecko) Chrome/69.0.3497.100 Safari/537.36"
::1 - - [28/Oct/2018:22:43:34 +0000] "GET /fibo HTTP/1.1" 304 - "http://localhost:8081/" "Mozilla/5.0 (Windows NT 10.0; Win64; x64) AppleWebKit/537.36 (KHTML, like Gecko) Chrome/69.0.3497.100 Safari/537.36"
::1 - - [28/Oct/2018:22:43:34 +0000] "GET /fibo HTTP/1.1" 304 - "http://localhost:8081/" "Mozilla/5.0 (Windows NT 10.0; Win64; x64) AppleWebKit/537.36 (KHTML, like Gecko) Chrome/69.0.3497.100 Safari/537.36"
::1 - - [28/Oct/2018:22:44:15 +0000] "GET /fibo HTTP/1.1" 304 - "http://localhost:8081/" "Mozilla/5.0 (Windows NT 10.0; Win64; x64) AppleWebKit/537.36 (KHTML, like Gecko) Chrome/69.0.3497.100 Safari/537.36"
::1 - - [28/Oct/2018:22:44:15 +0000] "GET /fibo HTTP/1.1" 304 - "http://localhost:8081/" "Mozilla/5.0 (Windows NT 10.0; Win64; x64) AppleWebKit/537.36 (KHTML, like Gecko) Chrome/69.0.3497.100 Safari/537.36"
::1 - - [28/Oct/2018:23:30:01 +0000] "GET / HTTP/1.1" 304 - "-" "Mozilla/5.0 (Windows NT 10.0; Win64; x64) AppleWebKit/537.36 (KHTML, like Gecko) Chrome/69.0.3497.100 Safari/537.36"
::1 - - [28/Oct/2018:23:30:20 +0000] "GET /fibo HTTP/1.1" 304 - "http://localhost:8081/" "Mozilla/5.0 (Windows NT 10.0; Win64; x64) AppleWebKit/537.36 (KHTML, like Gecko) Chrome/69.0.3497.100 Safari/537.36"
::1 - - [28/Oct/2018:23:30:30 +0000] "GET /contact HTTP/1.1" 304 - "http://localhost:8081/fibo" "Mozilla/5.0 (Windows NT 10.0; Win64; x64) AppleWebKit/537.36 (KHTML, like Gecko) Chrome/69.0.3497.100 Safari/537.36"
::1 - - [28/Oct/2018:23:30:32 +0000] "GET /index HTTP/1.1" 304 - "http://localhost:8081/contact" "Mozilla/5.0 (Windows NT 10.0; Win64; x64) AppleWebKit/537.36 (KHTML, like Gecko) Chrome/69.0.3497.100 Safari/537.36"
::1 - - [28/Oct/2018:23:30:33 +0000] "GET /contact HTTP/1.1" 304 - "http://localhost:8081/index" "Mozilla/5.0 (Windows NT 10.0; Win64; x64) AppleWebKit/537.36 (KHTML, like Gecko) Chrome/69.0.3497.100 Safari/537.36"
::1 - - [28/Oct/2018:23:30:35 +0000] "GET /fibo HTTP/1.1" 304 - "http://localhost:8081/contact" "Mozilla/5.0 (Windows NT 10.0; Win64; x64) AppleWebKit/537.36 (KHTML, like Gecko) Chrome/69.0.3497.100 Safari/537.36"
::1 - - [28/Oct/2018:23:30:41 +0000] "GET /fibo HTTP/1.1" 304 - "http://localhost:8081/fibo" "Mozilla/5.0 (Windows NT 10.0; Win64; x64) AppleWebKit/537.36 (KHTML, like Gecko) Chrome/69.0.3497.100 Safari/537.36"
::1 - - [28/Oct/2018:23:30:42 +0000] "GET /contact HTTP/1.1" 304 - "http://localhost:8081/fibo" "Mozilla/5.0 (Windows NT 10.0; Win64; x64) AppleWebKit/537.36 (KHTML, like Gecko) Chrome/69.0.3497.100 Safari/537.36"
::1 - - [28/Oct/2018:23:30:43 +0000] "GET /fibo HTTP/1.1" 304 - "http://localhost:8081/contact" "Mozilla/5.0 (Windows NT 10.0; Win64; x64) AppleWebKit/537.36 (KHTML, like Gecko) Chrome/69.0.3497.100 Safari/537.36"
::1 - - [28/Oct/2018:23:30:45 +0000] "GET /index HTTP/1.1" 304 - "http://localhost:8081/fibo" "Mozilla/5.0 (Windows NT 10.0; Win64; x64) AppleWebKit/537.36 (KHTML, like Gecko) Chrome/69.0.3497.100 Safari/537.36"
::1 - - [28/Oct/2018:23:30:46 +0000] "GET /index HTTP/1.1" 304 - "http://localhost:8081/index" "Mozilla/5.0 (Windows NT 10.0; Win64; x64) AppleWebKit/537.36 (KHTML, like Gecko) Chrome/69.0.3497.100 Safari/537.36"
::1 - - [28/Oct/2018:23:32:45 +0000] "GET /index HTTP/1.1" 200 4771 "http://localhost:8081/index" "Mozilla/5.0 (Windows NT 10.0; Win64; x64) AppleWebKit/537.36 (KHTML, like Gecko) Chrome/69.0.3497.100 Safari/537.36"
::1 - - [28/Oct/2018:23:32:47 +0000] "GET /contact HTTP/1.1" 200 4397 "http://localhost:8081/index" "Mozilla/5.0 (Windows NT 10.0; Win64; x64) AppleWebKit/537.36 (KHTML, like Gecko) Chrome/69.0.3497.100 Safari/537.36"
::1 - - [28/Oct/2018:23:32:48 +0000] "GET /fibo HTTP/1.1" 200 3227 "http://localhost:8081/contact" "Mozilla/5.0 (Windows NT 10.0; Win64; x64) AppleWebKit/537.36 (KHTML, like Gecko) Chrome/69.0.3497.100 Safari/537.36"
::1 - - [28/Oct/2018:23:32:50 +0000] "GET /index HTTP/1.1" 304 - "http://localhost:8081/fibo" "Mozilla/5.0 (Windows NT 10.0; Win64; x64) AppleWebKit/537.36 (KHTML, like Gecko) Chrome/69.0.3497.100 Safari/537.36"
::1 - - [28/Oct/2018:23:32:53 +0000] "GET /contact HTTP/1.1" 304 - "http://localhost:8081/index" "Mozilla/5.0 (Windows NT 10.0; Win64; x64) AppleWebKit/537.36 (KHTML, like Gecko) Chrome/69.0.3497.100 Safari/537.36"
